c:\users\aaron\source\cpp\adventure\game_v2\adventuregame\adventuregame\x64\debug\vc143.pdb
c:\users\aaron\source\cpp\adventure\game_v2\adventuregame\adventuregame\x64\debug\vc143.idb
c:\users\aaron\source\cpp\adventure\game_v2\adventuregame\adventuregame\x64\debug\sqlconn.obj
c:\users\aaron\source\cpp\adventure\game_v2\adventuregame\adventuregame\x64\debug\skills.obj
c:\users\aaron\source\cpp\adventure\game_v2\adventuregame\adventuregame\x64\debug\player.obj
c:\users\aaron\source\cpp\adventure\game_v2\adventuregame\adventuregame\x64\debug\main.obj
c:\users\aaron\source\cpp\adventure\game_v2\adventuregame\adventuregame\x64\debug\game.obj
c:\users\aaron\source\cpp\adventure\game_v2\adventuregame\adventuregame\x64\debug\enemy.obj
c:\users\aaron\source\cpp\adventure\game_v2\adventuregame\adventuregame\x64\debug\character.obj
c:\users\aaron\source\cpp\adventure\game_v2\adventuregame\x64\debug\adventuregame.exe
c:\users\aaron\source\cpp\adventure\game_v2\adventuregame\adventuregame\x64\debug\adventuregame.ilk
c:\users\aaron\source\cpp\adventure\game_v2\adventuregame\x64\debug\adventuregame.pdb
c:\users\aaron\source\cpp\adventure\game_v2\adventuregame\adventuregame\x64\debug\sqlconn.obj.enc
c:\users\aaron\source\cpp\adventure\game_v2\adventuregame\adventuregame\x64\debug\adventuregame.tlog\cl.command.1.tlog
c:\users\aaron\source\cpp\adventure\game_v2\adventuregame\adventuregame\x64\debug\adventuregame.tlog\cl.items.tlog
c:\users\aaron\source\cpp\adventure\game_v2\adventuregame\adventuregame\x64\debug\adventuregame.tlog\cl.read.1.tlog
c:\users\aaron\source\cpp\adventure\game_v2\adventuregame\adventuregame\x64\debug\adventuregame.tlog\cl.write.1.tlog
c:\users\aaron\source\cpp\adventure\game_v2\adventuregame\adventuregame\x64\debug\adventuregame.tlog\link.command.1.tlog
c:\users\aaron\source\cpp\adventure\game_v2\adventuregame\adventuregame\x64\debug\adventuregame.tlog\link.read.1.tlog
c:\users\aaron\source\cpp\adventure\game_v2\adventuregame\adventuregame\x64\debug\adventuregame.tlog\link.write.1.tlog
